#
# There is insufficient memory for the Java Runtime Environment to continue.
# Native memory allocation (malloc) failed to allocate 609216 bytes. Error detail: Chunk::new
# Possible reasons:
#   The system is out of physical RAM or swap space
#   This process is running with CompressedOops enabled, and the Java Heap may be blocking the growth of the native heap
# Possible solutions:
#   Reduce memory load on the system
#   Increase physical memory or swap space
#   Check if swap backing store is full
#   Decrease Java heap size (-Xmx/-Xms)
#   Decrease number of Java threads
#   Decrease Java thread stack sizes (-Xss)
#   Set larger code cache with -XX:ReservedCodeCacheSize=
#   JVM is running with Unscaled Compressed Oops mode in which the Java heap is
#     placed in the first 4GB address space. The Java Heap base address is the
#     maximum limit for the native heap growth. Please use -XX:HeapBaseMinAddress
#     to set the Java Heap base and to place the Java Heap above 4GB virtual address.
# This output file may be truncated or incomplete.
#
#  Out of Memory Error (arena.cpp:168), pid=10464, tid=26580
#
# JRE version: OpenJDK Runtime Environment (21.0.3) (build 21.0.3+-12282718-b509.11)
# Java VM: OpenJDK 64-Bit Server VM (21.0.3+-12282718-b509.11, mixed mode, tiered, compressed oops, compressed class ptrs, g1 gc, windows-amd64)
# No core dump will be written. Minidumps are not enabled by default on client versions of Windows
#

---------------  S U M M A R Y ------------

Command Line: --add-opens=java.base/java.util=ALL-UNNAMED --add-opens=java.base/java.lang=ALL-UNNAMED --add-opens=java.base/java.lang.invoke=ALL-UNNAMED --add-opens=java.prefs/java.util.prefs=ALL-UNNAMED --add-exports=jdk.compiler/com.sun.tools.javac.api=ALL-UNNAMED --add-exports=jdk.compiler/com.sun.tools.javac.util=ALL-UNNAMED --add-opens=java.base/java.nio.charset=ALL-UNNAMED --add-opens=java.base/java.net=ALL-UNNAMED --add-opens=java.base/java.util.concurrent.atomic=ALL-UNNAMED -Xmx2048m -Dfile.encoding=UTF-8 -Duser.country=IN -Duser.language=en -Duser.variant -javaagent:C:\Users\Naman Shah\.gradle\wrapper\dists\gradle-8.9-bin\90cnw93cvbtalezasaz0blq0a\gradle-8.9\lib\agents\gradle-instrumentation-agent-8.9.jar org.gradle.launcher.daemon.bootstrap.GradleDaemon 8.9

Host: AMD Ryzen 7 5800H with Radeon Graphics         , 16 cores, 15G,  Windows 11 , 64 bit Build 26100 (10.0.26100.4202)
Time: Wed Jun 25 22:30:41 2025 India Standard Time elapsed time: 10237.145596 seconds (0d 2h 50m 37s)

---------------  T H R E A D  ---------------

Current thread (0x0000021bf55ae7f0):  JavaThread "C2 CompilerThread1" daemon [_thread_in_native, id=26580, stack(0x0000002ccbc00000,0x0000002ccbd00000) (1024K)]


Current CompileTask:
C2:10237145 50680   !   4       java.nio.file.Files::walkFileTree (297 bytes)

Stack: [0x0000002ccbc00000,0x0000002ccbd00000]
Native frames: (J=compiled Java code, j=interpreted, Vv=VM code, C=native code)
V  [jvm.dll+0x6cafb9]
V  [jvm.dll+0x858523]
V  [jvm.dll+0x85aa7e]
V  [jvm.dll+0x85b163]
V  [jvm.dll+0x27d356]
V  [jvm.dll+0xbf93d]
V  [jvm.dll+0xbfe73]
V  [jvm.dll+0x2f0eb1]
V  [jvm.dll+0x5f5a39]
V  [jvm.dll+0x24fad2]
V  [jvm.dll+0x24840d]
V  [jvm.dll+0x245fce]
V  [jvm.dll+0x1c5804]
V  [jvm.dll+0x25575c]
V  [jvm.dll+0x253c36]
V  [jvm.dll+0x3ec996]
V  [jvm.dll+0x800d78]
V  [jvm.dll+0x6c98cd]
C  [ucrtbase.dll+0x37b0]
C  [KERNEL32.DLL+0x2e8d7]
C  [ntdll.dll+0x3c34c]


---------------  P R O C E S S  ---------------

Threads class SMR info:
_java_thread_list=0x0000021bf57eee90, length=256, elements={
0x0000021bc46ac9c0, 0x0000021bdeb18850, 0x0000021bdeb192b0, 0x0000021bdeb318b0,
0x0000021bdeb01b90, 0x0000021bdeb025f0, 0x0000021bdeb03050, 0x0000021bdeb077e0,
0x0000021bdeb19d10, 0x0000021bdebf2fa0, 0x0000021be3166d00, 0x0000021be4e471d0,
0x0000021be4f8c540, 0x0000021be4fcd210, 0x0000021be4d1d970, 0x0000021be4d1e000,
0x0000021be4d1bf30, 0x0000021be731c0f0, 0x0000021be731ba60, 0x0000021be731ad40,
0x0000021be6108470, 0x0000021be96b0170, 0x0000021be96a3590, 0x0000021be96a3c20,
0x0000021be96a4940, 0x0000021be96a5660, 0x0000021be72b34a0, 0x0000021be72b4ee0,
0x0000021be72b2780, 0x0000021be72b41c0, 0x0000021be72b1a60, 0x0000021be72b3b30,
0x0000021be72b5570, 0x0000021be72b20f0, 0x0000021be72b6290, 0x0000021be72b4850,
0x0000021be72b5c00, 0x0000021be72b2e10, 0x0000021bf055d7f0, 0x0000021be81a9ea0,
0x0000021bfce52290, 0x0000021be52047e0, 0x0000021bf0474900, 0x0000021bf00e1020,
0x0000021bfa7364c0, 0x0000021bfa736b50, 0x0000021bfaebf0a0, 0x0000021bfaec1170,
0x0000021bfaebfdc0, 0x0000021bfaec0450, 0x0000021bfaec0ae0, 0x0000021bfaec1e90,
0x0000021bfaebf730, 0x0000021bfaec2520, 0x0000021be81aa530, 0x0000021be81a7dd0,
0x0000021be81a70b0, 0x0000021bfce501c0, 0x0000021bfce52920, 0x0000021bfce52fb0,
0x0000021bfce51c00, 0x0000021bfce50850, 0x0000021bfce50ee0, 0x0000021bfce53640,
0x0000021bfce51570, 0x0000021bfb2ee520, 0x0000021bfb2eebb0, 0x0000021bfb2eff60,
0x0000021bfb2ed800, 0x0000021be81a8460, 0x0000021be81a8af0, 0x0000021be81a9180,
0x0000021be81a9810, 0x0000021be68ee4f0, 0x0000021be68f05c0, 0x0000021be68eff30,
0x0000021be68ef8a0, 0x0000021be68eeb80, 0x0000021be68f12e0, 0x0000021be68ef210,
0x0000021bdecea130, 0x0000021bdececf20, 0x0000021bdecebb70, 0x0000021bdecec200,
0x0000021bdecec890, 0x0000021bfb2ede90, 0x0000021bdeced5b0, 0x0000021be5204e70,
0x0000021be5204150, 0x0000021be5205b90, 0x0000021be5206220, 0x0000021be52068b0,
0x0000021be5203430, 0x0000021be5203ac0, 0x0000021bf055d160, 0x0000021bf055cad0,
0x0000021bf055aa00, 0x0000021be522c7c0, 0x0000021be522ce50, 0x0000021be3181e00,
0x0000021be317fd30, 0x0000021be3180a50, 0x0000021be31810e0, 0x0000021be3182490,
0x0000021bdeceb4e0, 0x0000021be53fa910, 0x0000021be53f9bf0, 0x0000021be53fa280,
0x0000021bf16d1be0, 0x0000021bf16d3620, 0x0000021bf16d01a0, 0x0000021bf16d0ec0,
0x0000021bf16d2270, 0x0000021bfd101ce0, 0x0000021bfd103720, 0x0000021bfd102a00,
0x0000021bfd103db0, 0x0000021bfd100930, 0x0000021bfd100fc0, 0x0000021bfd103090,
0x0000021bfa9a6060, 0x0000021bfa9a6d80, 0x0000021bf0258e40, 0x0000021bf02594d0,
0x0000021bfb040a00, 0x0000021bfb040370, 0x0000021bfb03d580, 0x0000021bfb03dc10,
0x0000021bfb03efc0, 0x0000021bfb03e2a0, 0x0000021be53fb630, 0x0000021be53fafa0,
0x0000021be53fc350, 0x0000021be53fbcc0, 0x0000021bfb03e930, 0x0000021bfb03f650,
0x0000021bfb03fce0, 0x0000021bf198b7c0, 0x0000021bf198be50, 0x0000021bf198b130,
0x0000021bf198aaa0, 0x0000021bfabb3fa0, 0x0000021bfabb4630, 0x0000021bfabb4cc0,
0x0000021bfabb5350, 0x0000021be89814d0, 0x0000021be8980e40, 0x0000021be89807b0,
0x0000021be8980120, 0x0000021bfbf96c70, 0x0000021bfbf937f0, 0x0000021bfbf93e80,
0x0000021bfbf94510, 0x0000021bfbf958c0, 0x0000021bfbf94ba0, 0x0000021bfbf965e0,
0x0000021bfbf95230, 0x0000021bfbf95f50, 0x0000021bfb447240, 0x0000021beae993d0,
0x0000021beae986b0, 0x0000021beae9a0f0, 0x0000021beae98d40, 0x0000021beae9ae10,
0x0000021beae98020, 0x0000021bf5630660, 0x0000021bf5ac1960, 0x0000021bf5ac2680,
0x0000021bf5ac33a0, 0x0000021bf5ac3a30, 0x0000021bf5ac1ff0, 0x0000021bf5ac05b0,
0x0000021bf5ac0c40, 0x0000021bf5ea1ad0, 0x0000021bf5ea1440, 0x0000021bf5ea2160,
0x0000021bf5ea27f0, 0x0000021bf5ea2e80, 0x0000021bf5ea3510, 0x0000021bf5ea0090,
0x0000021bf5ea0720, 0x0000021bf5ea0db0, 0x0000021bfadd5fc0, 0x0000021bfadd4580,
0x0000021bfadd6650, 0x0000021bfadd6ce0, 0x0000021bfadd7370, 0x0000021bfadd7a00,
0x0000021bfadd5930, 0x0000021bfadd4c10, 0x0000021bfadd52a0, 0x0000021bfbb59480,
0x0000021bfbb5a830, 0x0000021bfbb59b10, 0x0000021bfbb58760, 0x0000021bfbb580d0,
0x0000021bfbb58df0, 0x0000021bf07d87f0, 0x0000021be53f8ed0, 0x0000021bf5bacdd0,
0x0000021bf5badaf0, 0x0000021bf5bafbc0, 0x0000021bf5bae810, 0x0000021bf5baeea0,
0x0000021bf5baf530, 0x0000021bf5bad460, 0x0000021bf5bac740, 0x0000021be68f3220,
0x0000021be68f45d0, 0x0000021be3182b20, 0x0000021be317f6a0, 0x0000021be31803c0,
0x0000021be3181770, 0x0000021bfd101650, 0x0000021bfd102370, 0x0000021bfc2e9490,
0x0000021bfc2e80e0, 0x0000021bfc2e9b20, 0x0000021bfc2e8770, 0x0000021bfc2ea1b0,
0x0000021bfc2eaed0, 0x0000021bfc2eb560, 0x0000021bfc2e8e00, 0x0000021bfc2ea840,
0x0000021be6c1d610, 0x0000021be6c1c8f0, 0x0000021be6c1f050, 0x0000021be6c1dca0,
0x0000021be6c1fd70, 0x0000021bfb2ef8d0, 0x0000021bfb2ef240, 0x0000021bfb2ecae0,
0x0000021bfb3f7eb0, 0x0000021bfb3f8bd0, 0x0000021bfb3f6470, 0x0000021bfb3f8540,
0x0000021bfb3f7820, 0x0000021bf00e23d0, 0x0000021bf5e927d0, 0x0000021bf5e92140,
0x0000021be68f4c60, 0x0000021bf562e590, 0x0000021bfb3f6b00, 0x0000021bf14a7170,
0x0000021be6c1e9c0, 0x0000021be6c1f6e0, 0x0000021bfc1ccc80, 0x0000021bf5630cf0,
0x0000021bf14a9240, 0x0000021bf55ae7f0, 0x0000021bf55af590, 0x0000021bf55afc60,
0x0000021bf55ac5e0, 0x0000021bf55b17a0, 0x0000021bf55b32e0, 0x0000021b85f1c260
}

Java Threads: ( => current thread )
  0x0000021bc46ac9c0 JavaThread "main"                              [_thread_blocked, id=41316, stack(0x0000002ccaa00000,0x0000002ccab00000) (1024K)]
  0x0000021bdeb18850 JavaThread "Reference Handler"          daemon [_thread_blocked, id=26352, stack(0x0000002ccb200000,0x0000002ccb300000) (1024K)]
  0x0000021bdeb192b0 JavaThread "Finalizer"                  daemon [_thread_blocked, id=36716, stack(0x0000002ccb300000,0x0000002ccb400000) (1024K)]
  0x0000021bdeb318b0 JavaThread "Signal Dispatcher"          daemon [_thread_blocked, id=31220, stack(0x0000002ccb400000,0x0000002ccb500000) (1024K)]
  0x0000021bdeb01b90 JavaThread "Attach Listener"            daemon [_thread_blocked, id=38636, stack(0x0000002ccb500000,0x0000002ccb600000) (1024K)]
  0x0000021bdeb025f0 JavaThread "Service Thread"             daemon [_thread_blocked, id=27760, stack(0x0000002ccb600000,0x0000002ccb700000) (1024K)]
  0x0000021bdeb03050 JavaThread "Monitor Deflation Thread"   daemon [_thread_blocked, id=39948, stack(0x0000002ccb700000,0x0000002ccb800000) (1024K)]
  0x0000021bdeb077e0 JavaThread "C2 CompilerThread0"         daemon [_thread_in_native, id=16884, stack(0x0000002ccb800000,0x0000002ccb900000) (1024K)]
  0x0000021bdeb19d10 JavaThread "C1 CompilerThread0"         daemon [_thread_blocked, id=7100, stack(0x0000002ccb900000,0x0000002ccba00000) (1024K)]
  0x0000021bdebf2fa0 JavaThread "Common-Cleaner"             daemon [_thread_blocked, id=424, stack(0x0000002ccba00000,0x0000002ccbb00000) (1024K)]
  0x0000021be3166d00 JavaThread "Notification Thread"        daemon [_thread_blocked, id=29268, stack(0x0000002ccbd00000,0x0000002ccbe00000) (1024K)]
  0x0000021be4e471d0 JavaThread "Daemon health stats"               [_thread_blocked, id=10952, stack(0x0000002ccca00000,0x0000002cccb00000) (1024K)]
  0x0000021be4f8c540 JavaThread "Incoming local TCP Connector on port 60954"        [_thread_in_native, id=9380, stack(0x0000002cccb00000,0x0000002cccc00000) (1024K)]
  0x0000021be4fcd210 JavaThread "Daemon periodic checks"            [_thread_blocked, id=17944, stack(0x0000002cccc00000,0x0000002cccd00000) (1024K)]
  0x0000021be4d1d970 JavaThread "Cache worker for journal cache (C:\Users\Naman Shah\.gradle\caches\journal-1)"        [_thread_blocked, id=29888, stack(0x0000002ccda00000,0x0000002ccdb00000) (1024K)]
  0x0000021be4d1e000 JavaThread "File lock request listener"        [_thread_in_native, id=24332, stack(0x0000002ccdb00000,0x0000002ccdc00000) (1024K)]
  0x0000021be4d1bf30 JavaThread "Cache worker for file hash cache (C:\Users\Naman Shah\.gradle\caches\8.9\fileHashes)"        [_thread_blocked, id=7948, stack(0x0000002ccdc00000,0x0000002ccdd00000) (1024K)]
  0x0000021be731c0f0 JavaThread "File watcher server"        daemon [_thread_in_native, id=39868, stack(0x0000002ccdf00000,0x0000002cce000000) (1024K)]
  0x0000021be731ba60 JavaThread "File watcher consumer"      daemon [_thread_blocked, id=30860, stack(0x0000002cce000000,0x0000002cce100000) (1024K)]
  0x0000021be731ad40 JavaThread "Cache worker for file content cache (C:\Users\Naman Shah\.gradle\caches\8.9\fileContent)"        [_thread_blocked, id=5828, stack(0x0000002cce100000,0x0000002cce200000) (1024K)]
  0x0000021be6108470 JavaThread "Memory manager"                    [_thread_blocked, id=32512, stack(0x0000002cd1300000,0x0000002cd1400000) (1024K)]
  0x0000021be96b0170 JavaThread "pool-3-thread-1"                   [_thread_blocked, id=25068, stack(0x0000002cd1500000,0x0000002cd1600000) (1024K)]
  0x0000021be96a3590 JavaThread "jar transforms"                    [_thread_blocked, id=14520, stack(0x0000002ccce00000,0x0000002cccf00000) (1024K)]
  0x0000021be96a3c20 JavaThread "jar transforms Thread 2"           [_thread_blocked, id=27792, stack(0x0000002cccf00000,0x0000002ccd000000) (1024K)]
  0x0000021be96a4940 JavaThread "jar transforms Thread 3"           [_thread_blocked, id=21076, stack(0x0000002ccd000000,0x0000002ccd100000) (1024K)]
  0x0000021be96a5660 JavaThread "jar transforms Thread 4"           [_thread_blocked, id=41164, stack(0x0000002ccd100000,0x0000002ccd200000) (1024K)]
  0x0000021be72b34a0 JavaThread "jar transforms Thread 5"           [_thread_blocked, id=4400, stack(0x0000002ccd200000,0x0000002ccd300000) (1024K)]
  0x0000021be72b4ee0 JavaThread "jar transforms Thread 6"           [_thread_blocked, id=6832, stack(0x0000002ccd300000,0x0000002ccd400000) (1024K)]
  0x0000021be72b2780 JavaThread "jar transforms Thread 7"           [_thread_blocked, id=39376, stack(0x0000002ccdd00000,0x0000002ccde00000) (1024K)]
  0x0000021be72b41c0 JavaThread "jar transforms Thread 8"           [_thread_blocked, id=10968, stack(0x0000002ccde00000,0x0000002ccdf00000) (1024K)]
  0x0000021be72b1a60 JavaThread "jar transforms Thread 9"           [_thread_blocked, id=40992, stack(0x0000002cce200000,0x0000002cce300000) (1024K)]
  0x0000021be72b3b30 JavaThread "jar transforms Thread 10"          [_thread_blocked, id=10908, stack(0x0000002cce300000,0x0000002cce400000) (1024K)]
  0x0000021be72b5570 JavaThread "jar transforms Thread 11"          [_thread_blocked, id=26476, stack(0x0000002cce400000,0x0000002cce500000) (1024K)]
  0x0000021be72b20f0 JavaThread "jar transforms Thread 12"          [_thread_blocked, id=22868, stack(0x0000002cce500000,0x0000002cce600000) (1024K)]
  0x0000021be72b6290 JavaThread "jar transforms Thread 13"          [_thread_blocked, id=17904, stack(0x0000002cce600000,0x0000002cce700000) (1024K)]
  0x0000021be72b4850 JavaThread "jar transforms Thread 14"          [_thread_blocked, id=34632, stack(0x0000002cce700000,0x0000002cce800000) (1024K)]
  0x0000021be72b5c00 JavaThread "jar transforms Thread 15"          [_thread_blocked, id=25456, stack(0x0000002cce800000,0x0000002cce900000) (1024K)]
  0x0000021be72b2e10 JavaThread "jar transforms Thread 16"          [_thread_blocked, id=6184, stack(0x0000002cce900000,0x0000002ccea00000) (1024K)]
  0x0000021bf055d7f0 JavaThread "pool-6-thread-1"                   [_thread_blocked, id=22336, stack(0x0000002cd2d00000,0x0000002cd2e00000) (1024K)]
  0x0000021be81a9ea0 JavaThread "pool-9-thread-1"                   [_thread_blocked, id=24184, stack(0x0000002cd2000000,0x0000002cd2100000) (1024K)]
  0x0000021bfce52290 JavaThread "pool-12-thread-1"                  [_thread_blocked, id=24020, stack(0x0000002cd1d00000,0x0000002cd1e00000) (1024K)]
  0x0000021be52047e0 JavaThread "Daemon Thread 6"                   [_thread_blocked, id=43004, stack(0x0000002cca700000,0x0000002cca800000) (1024K)]
  0x0000021bf0474900 JavaThread "Daemon worker Thread 5"            [_thread_blocked, id=39704, stack(0x0000002ccbb00000,0x0000002ccbc00000) (1024K)]
  0x0000021bf00e1020 JavaThread "pool-15-thread-1"                  [_thread_blocked, id=41716, stack(0x0000002cd1c00000,0x0000002cd1d00000) (1024K)]
  0x0000021bfa7364c0 JavaThread "Handler for socket connection from /127.0.0.1:60954 to /127.0.0.1:63039"        [_thread_in_native, id=21660, stack(0x0000002cca800000,0x0000002cca900000) (1024K)]
  0x0000021bfa736b50 JavaThread "Cancel handler"                    [_thread_blocked, id=37160, stack(0x0000002cca900000,0x0000002ccaa00000) (1024K)]
  0x0000021bfaebf0a0 JavaThread "Asynchronous log dispatcher for DefaultDaemonConnection: socket connection from /127.0.0.1:60954 to /127.0.0.1:63039"        [_thread_blocked, id=3740, stack(0x0000002ccbe00000,0x0000002ccbf00000) (1024K)]
  0x0000021bfaec1170 JavaThread "Stdin handler"                     [_thread_blocked, id=41932, stack(0x0000002ccbf00000,0x0000002ccc000000) (1024K)]
  0x0000021bfaebfdc0 JavaThread "Daemon client event forwarder"        [_thread_blocked, id=36156, stack(0x0000002ccc000000,0x0000002ccc100000) (1024K)]
  0x0000021bfaec0450 JavaThread "Cache worker for file hash cache (C:\Users\Naman Shah\Desktop\Android\LifeDash\.gradle\8.9\fileHashes)"        [_thread_blocked, id=39732, stack(0x0000002ccc600000,0x0000002ccc700000) (1024K)]
  0x0000021bfaec0ae0 JavaThread "Cache worker for Build Output Cleanup Cache (C:\Users\Naman Shah\Desktop\Android\LifeDash\.gradle\buildOutputCleanup)"        [_thread_blocked, id=32492, stack(0x0000002cccd00000,0x0000002ccce00000) (1024K)]
  0x0000021bfaec1e90 JavaThread "Cache worker for checksums cache (C:\Users\Naman Shah\Desktop\Android\LifeDash\.gradle\8.9\checksums)"        [_thread_blocked, id=42980, stack(0x0000002ccea00000,0x0000002cceb00000) (1024K)]
  0x0000021bfaebf730 JavaThread "Cache worker for cache directory md-rule (C:\Users\Naman Shah\.gradle\caches\8.9\md-rule)"        [_thread_blocked, id=36380, stack(0x0000002cceb00000,0x0000002ccec00000) (1024K)]
  0x0000021bfaec2520 JavaThread "Cache worker for cache directory md-supplier (C:\Users\Naman Shah\.gradle\caches\8.9\md-supplier)"        [_thread_blocked, id=18460, stack(0x0000002ccec00000,0x0000002cced00000) (1024K)]
  0x0000021be81aa530 JavaThread "Unconstrained build operations"        [_thread_blocked, id=20284, stack(0x0000002ccf100000,0x0000002ccf200000) (1024K)]
  0x0000021be81a7dd0 JavaThread "Unconstrained build operations Thread 2"        [_thread_blocked, id=32008, stack(0x0000002ccf200000,0x0000002ccf300000) (1024K)]
  0x0000021be81a70b0 JavaThread "Unconstrained build operations Thread 3"        [_thread_blocked, id=16172, stack(0x0000002ccf300000,0x0000002ccf400000) (1024K)]
  0x0000021bfce501c0 JavaThread "Unconstrained build operations Thread 4"        [_thread_blocked, id=25004, stack(0x0000002ccf400000,0x0000002ccf500000) (1024K)]
  0x0000021bfce52920 JavaThread "Unconstrained build operations Thread 5"        [_thread_blocked, id=14816, stack(0x0000002ccf500000,0x0000002ccf600000) (1024K)]
  0x0000021bfce52fb0 JavaThread "Unconstrained build operations Thread 6"        [_thread_blocked, id=26876, stack(0x0000002ccf600000,0x0000002ccf700000) (1024K)]
  0x0000021bfce51c00 JavaThread "Unconstrained build operations Thread 7"        [_thread_blocked, id=23064, stack(0x0000002ccf700000,0x0000002ccf800000) (1024K)]
  0x0000021bfce50850 JavaThread "Unconstrained build operations Thread 8"        [_thread_blocked, id=20516, stack(0x0000002ccf800000,0x0000002ccf900000) (1024K)]
  0x0000021bfce50ee0 JavaThread "Unconstrained build operations Thread 9"        [_thread_blocked, id=11088, stack(0x0000002ccf900000,0x0000002ccfa00000) (1024K)]
  0x0000021bfce53640 JavaThread "Unconstrained build operations Thread 10"        [_thread_blocked, id=33908, stack(0x0000002ccfa00000,0x0000002ccfb00000) (1024K)]
  0x0000021bfce51570 JavaThread "Unconstrained build operations Thread 11"        [_thread_blocked, id=37804, stack(0x0000002ccfb00000,0x0000002ccfc00000) (1024K)]
  0x0000021bfb2ee520 JavaThread "Unconstrained build operations Thread 12"        [_thread_blocked, id=18184, stack(0x0000002ccfc00000,0x0000002ccfd00000) (1024K)]
  0x0000021bfb2eebb0 JavaThread "Unconstrained build operations Thread 13"        [_thread_blocked, id=42648, stack(0x0000002ccfd00000,0x0000002ccfe00000) (1024K)]
  0x0000021bfb2eff60 JavaThread "Unconstrained build operations Thread 14"        [_thread_blocked, id=7584, stack(0x0000002ccfe00000,0x0000002ccff00000) (1024K)]
  0x0000021bfb2ed800 JavaThread "Unconstrained build operations Thread 15"        [_thread_blocked, id=34848, stack(0x0000002ccff00000,0x0000002cd0000000) (1024K)]
  0x0000021be81a8460 JavaThread "Unconstrained build operations Thread 16"        [_thread_blocked, id=40080, stack(0x0000002cd0000000,0x0000002cd0100000) (1024K)]
  0x0000021be81a8af0 JavaThread "Unconstrained build operations Thread 17"        [_thread_blocked, id=41580, stack(0x0000002cd0100000,0x0000002cd0200000) (1024K)]
  0x0000021be81a9180 JavaThread "Unconstrained build operations Thread 18"        [_thread_blocked, id=13684, stack(0x0000002cd0200000,0x0000002cd0300000) (1024K)]
  0x0000021be81a9810 JavaThread "Unconstrained build operations Thread 19"        [_thread_blocked, id=35540, stack(0x0000002cd0300000,0x0000002cd0400000) (1024K)]
  0x0000021be68ee4f0 JavaThread "Unconstrained build operations Thread 20"        [_thread_blocked, id=37516, stack(0x0000002cd0400000,0x0000002cd0500000) (1024K)]
  0x0000021be68f05c0 JavaThread "Unconstrained build operations Thread 21"        [_thread_blocked, id=32600, stack(0x0000002cd0500000,0x0000002cd0600000) (1024K)]
  0x0000021be68eff30 JavaThread "Unconstrained build operations Thread 22"        [_thread_blocked, id=38176, stack(0x0000002cd0600000,0x0000002cd0700000) (1024K)]
  0x0000021be68ef8a0 JavaThread "Unconstrained build operations Thread 23"        [_thread_blocked, id=38500, stack(0x0000002cd0700000,0x0000002cd0800000) (1024K)]
  0x0000021be68eeb80 JavaThread "Unconstrained build operations Thread 24"        [_thread_blocked, id=42368, stack(0x0000002cd0800000,0x0000002cd0900000) (1024K)]
  0x0000021be68f12e0 JavaThread "Unconstrained build operations Thread 25"        [_thread_blocked, id=32504, stack(0x0000002cd0900000,0x0000002cd0a00000) (1024K)]
  0x0000021be68ef210 JavaThread "Unconstrained build operations Thread 26"        [_thread_blocked, id=42388, stack(0x0000002cd0a00000,0x0000002cd0b00000) (1024K)]
  0x0000021bdecea130 JavaThread "Unconstrained build operations Thread 27"        [_thread_blocked, id=33992, stack(0x0000002cd0b00000,0x0000002cd0c00000) (1024K)]
  0x0000021bdececf20 JavaThread "Unconstrained build operations Thread 28"        [_thread_blocked, id=22184, stack(0x0000002cd0c00000,0x0000002cd0d00000) (1024K)]
  0x0000021bdecebb70 JavaThread "Unconstrained build operations Thread 29"        [_thread_blocked, id=10836, stack(0x0000002cd0d00000,0x0000002cd0e00000) (1024K)]
  0x0000021bdecec200 JavaThread "Unconstrained build operations Thread 30"        [_thread_blocked, id=37004, stack(0x0000002cd0e00000,0x0000002cd0f00000) (1024K)]
  0x0000021bdecec890 JavaThread "build event listener"              [_thread_blocked, id=14980, stack(0x0000002cd0f00000,0x0000002cd1000000) (1024K)]
  0x0000021bfb2ede90 JavaThread "build event listener"              [_thread_blocked, id=21584, stack(0x0000002cd1000000,0x0000002cd1100000) (1024K)]
  0x0000021bdeced5b0 JavaThread "pool-18-thread-1"                  [_thread_blocked, id=42760, stack(0x0000002cd1400000,0x0000002cd1500000) (1024K)]
  0x0000021be5204e70 JavaThread "build event listener"              [_thread_blocked, id=40008, stack(0x0000002cd1600000,0x0000002cd1700000) (1024K)]
  0x0000021be5204150 JavaThread "included builds"                   [_thread_blocked, id=8116, stack(0x0000002cd1700000,0x0000002cd1800000) (1024K)]
  0x0000021be5205b90 JavaThread "Execution worker"                  [_thread_blocked, id=24764, stack(0x0000002cd1800000,0x0000002cd1900000) (1024K)]
  0x0000021be5206220 JavaThread "Execution worker Thread 2"         [_thread_blocked, id=23860, stack(0x0000002cd1900000,0x0000002cd1a00000) (1024K)]
  0x0000021be52068b0 JavaThread "Execution worker Thread 3"         [_thread_blocked, id=27224, stack(0x0000002cd1a00000,0x0000002cd1b00000) (1024K)]
  0x0000021be5203430 JavaThread "Execution worker Thread 4"         [_thread_blocked, id=38152, stack(0x0000002cd1b00000,0x0000002cd1c00000) (1024K)]
  0x0000021be5203ac0 JavaThread "Execution worker Thread 5"         [_thread_blocked, id=28140, stack(0x0000002cd1e00000,0x0000002cd1f00000) (1024K)]
  0x0000021bf055d160 JavaThread "Execution worker Thread 6"         [_thread_blocked, id=24776, stack(0x0000002cd1f00000,0x0000002cd2000000) (1024K)]
  0x0000021bf055cad0 JavaThread "Execution worker Thread 7"         [_thread_blocked, id=7816, stack(0x0000002cd2100000,0x0000002cd2200000) (1024K)]
  0x0000021bf055aa00 JavaThread "Execution worker Thread 8"         [_thread_blocked, id=12624, stack(0x0000002cd2200000,0x0000002cd2300000) (1024K)]
  0x0000021be522c7c0 JavaThread "Execution worker Thread 9"         [_thread_blocked, id=19384, stack(0x0000002cd2300000,0x0000002cd2400000) (1024K)]
  0x0000021be522ce50 JavaThread "Execution worker Thread 10"        [_thread_blocked, id=34248, stack(0x0000002cd2400000,0x0000002cd2500000) (1024K)]
  0x0000021be3181e00 JavaThread "Execution worker Thread 11"        [_thread_blocked, id=10400, stack(0x0000002cd2500000,0x0000002cd2600000) (1024K)]
  0x0000021be317fd30 JavaThread "Execution worker Thread 12"        [_thread_blocked, id=22740, stack(0x0000002cd2600000,0x0000002cd2700000) (1024K)]
  0x0000021be3180a50 JavaThread "Execution worker Thread 13"        [_thread_blocked, id=35088, stack(0x0000002cd2700000,0x0000002cd2800000) (1024K)]
  0x0000021be31810e0 JavaThread "Execution worker Thread 14"        [_thread_blocked, id=28264, stack(0x0000002cd2800000,0x0000002cd2900000) (1024K)]
  0x0000021be3182490 JavaThread "Execution worker Thread 15"        [_thread_blocked, id=34356, stack(0x0000002cd2900000,0x0000002cd2a00000) (1024K)]
  0x0000021bdeceb4e0 JavaThread "Cache worker for execution history cache (C:\Users\Naman Shah\Desktop\Android\LifeDash\.gradle\8.9\executionHistory)"        [_thread_blocked, id=38664, stack(0x0000002cd2a00000,0x0000002cd2b00000) (1024K)]
  0x0000021be53fa910 JavaThread "Unconstrained build operations Thread 31"        [_thread_blocked, id=38592, stack(0x0000002cd2b00000,0x0000002cd2c00000) (1024K)]
  0x0000021be53f9bf0 JavaThread "Unconstrained build operations Thread 32"        [_thread_blocked, id=41496, stack(0x0000002cd2c00000,0x0000002cd2d00000) (1024K)]
  0x0000021be53fa280 JavaThread "Unconstrained build operations Thread 33"        [_thread_blocked, id=26868, stack(0x0000002cd2e00000,0x0000002cd2f00000) (1024K)]
  0x0000021bf16d1be0 JavaThread "Unconstrained build operations Thread 34"        [_thread_blocked, id=31980, stack(0x0000002cd2f00000,0x0000002cd3000000) (1024K)]
  0x0000021bf16d3620 JavaThread "Unconstrained build operations Thread 35"        [_thread_blocked, id=20796, stack(0x0000002cd3000000,0x0000002cd3100000) (1024K)]
  0x0000021bf16d01a0 JavaThread "Unconstrained build operations Thread 36"        [_thread_blocked, id=26020, stack(0x0000002cd3100000,0x0000002cd3200000) (1024K)]
  0x0000021bf16d0ec0 JavaThread "Unconstrained build operations Thread 37"        [_thread_blocked, id=41232, stack(0x0000002cd3200000,0x0000002cd3300000) (1024K)]
  0x0000021bf16d2270 JavaThread "Unconstrained build operations Thread 38"        [_thread_blocked, id=16800, stack(0x0000002cd3300000,0x0000002cd3400000) (1024K)]
  0x0000021bfd101ce0 JavaThread "Unconstrained build operations Thread 39"        [_thread_blocked, id=42580, stack(0x0000002cd3500000,0x0000002cd3600000) (1024K)]
  0x0000021bfd103720 JavaThread "Unconstrained build operations Thread 40"        [_thread_blocked, id=36756, stack(0x0000002cd3600000,0x0000002cd3700000) (1024K)]
  0x0000021bfd102a00 JavaThread "Unconstrained build operations Thread 41"        [_thread_blocked, id=10656, stack(0x0000002cd3700000,0x0000002cd3800000) (1024K)]
  0x0000021bfd103db0 JavaThread "Unconstrained build operations Thread 42"        [_thread_blocked, id=35808, stack(0x0000002cd3800000,0x0000002cd3900000) (1024K)]
  0x0000021bfd100930 JavaThread "Unconstrained build operations Thread 43"        [_thread_blocked, id=26464, stack(0x0000002cd3900000,0x0000002cd3a00000) (1024K)]
  0x0000021bfd100fc0 JavaThread "Unconstrained build operations Thread 44"        [_thread_blocked, id=34956, stack(0x0000002cd3a00000,0x0000002cd3b00000) (1024K)]
  0x0000021bfd103090 JavaThread "Unconstrained build operations Thread 45"        [_thread_blocked, id=20872, stack(0x0000002cd3b00000,0x0000002cd3c00000) (1024K)]
  0x0000021bfa9a6060 JavaThread "Unconstrained build operations Thread 46"        [_thread_blocked, id=30788, stack(0x0000002cd3c00000,0x0000002cd3d00000) (1024K)]
  0x0000021bfa9a6d80 JavaThread "Unconstrained build operations Thread 47"        [_thread_blocked, id=35596, stack(0x0000002cd3d00000,0x0000002cd3e00000) (1024K)]
  0x0000021bf0258e40 JavaThread "Unconstrained build operations Thread 48"        [_thread_blocked, id=8844, stack(0x0000002cd3e00000,0x0000002cd3f00000) (1024K)]
  0x0000021bf02594d0 JavaThread "Unconstrained build operations Thread 49"        [_thread_blocked, id=19812, stack(0x0000002cd3f00000,0x0000002cd4000000) (1024K)]
  0x0000021bfb040a00 JavaThread "Unconstrained build operations Thread 50"        [_thread_blocked, id=18296, stack(0x0000002cd4000000,0x0000002cd4100000) (1024K)]
  0x0000021bfb040370 JavaThread "Unconstrained build operations Thread 51"        [_thread_blocked, id=8872, stack(0x0000002cd4100000,0x0000002cd4200000) (1024K)]
  0x0000021bfb03d580 JavaThread "Unconstrained build operations Thread 52"        [_thread_blocked, id=29156, stack(0x0000002cd4200000,0x0000002cd4300000) (1024K)]
  0x0000021bfb03dc10 JavaThread "Unconstrained build operations Thread 53"        [_thread_blocked, id=42540, stack(0x0000002cd4300000,0x0000002cd4400000) (1024K)]
  0x0000021bfb03efc0 JavaThread "Unconstrained build operations Thread 54"        [_thread_blocked, id=25792, stack(0x0000002cd4400000,0x0000002cd4500000) (1024K)]
  0x0000021bfb03e2a0 JavaThread "Unconstrained build operations Thread 55"        [_thread_blocked, id=23000, stack(0x0000002cd4500000,0x0000002cd4600000) (1024K)]
  0x0000021be53fb630 JavaThread "Unconstrained build operations Thread 56"        [_thread_blocked, id=6840, stack(0x0000002cd4600000,0x0000002cd4700000) (1024K)]
  0x0000021be53fafa0 JavaThread "Unconstrained build operations Thread 57"        [_thread_blocked, id=39384, stack(0x0000002cd4700000,0x0000002cd4800000) (1024K)]
  0x0000021be53fc350 JavaThread "Unconstrained build operations Thread 58"        [_thread_blocked, id=25352, stack(0x0000002cd4800000,0x0000002cd4900000) (1024K)]
  0x0000021be53fbcc0 JavaThread "Unconstrained build operations Thread 59"        [_thread_blocked, id=25048, stack(0x0000002cd4900000,0x0000002cd4a00000) (1024K)]
  0x0000021bfb03e930 JavaThread "Unconstrained build operations Thread 60"        [_thread_blocked, id=41320, stack(0x0000002cd4a00000,0x0000002cd4b00000) (1024K)]
  0x0000021bfb03f650 JavaThread "Unconstrained build operations Thread 61"        [_thread_blocked, id=12600, stack(0x0000002cd4b00000,0x0000002cd4c00000) (1024K)]
  0x0000021bfb03fce0 JavaThread "Unconstrained build operations Thread 62"        [_thread_blocked, id=41704, stack(0x0000002cd4c00000,0x0000002cd4d00000) (1024K)]
  0x0000021bf198b7c0 JavaThread "Unconstrained build operations Thread 63"        [_thread_blocked, id=12252, stack(0x0000002cd4d00000,0x0000002cd4e00000) (1024K)]
  0x0000021bf198be50 JavaThread "Unconstrained build operations Thread 64"        [_thread_blocked, id=23508, stack(0x0000002cd4e00000,0x0000002cd4f00000) (1024K)]
  0x0000021bf198b130 JavaThread "Unconstrained build operations Thread 65"        [_thread_blocked, id=32272, stack(0x0000002cd4f00000,0x0000002cd5000000) (1024K)]
  0x0000021bf198aaa0 JavaThread "Unconstrained build operations Thread 66"        [_thread_blocked, id=2252, stack(0x0000002cd5000000,0x0000002cd5100000) (1024K)]
  0x0000021bfabb3fa0 JavaThread "Unconstrained build operations Thread 67"        [_thread_blocked, id=41000, stack(0x0000002cd5100000,0x0000002cd5200000) (1024K)]
  0x0000021bfabb4630 JavaThread "Unconstrained build operations Thread 68"        [_thread_blocked, id=36836, stack(0x0000002cd5200000,0x0000002cd5300000) (1024K)]
  0x0000021bfabb4cc0 JavaThread "Unconstrained build operations Thread 69"        [_thread_blocked, id=16688, stack(0x0000002cd5300000,0x0000002cd5400000) (1024K)]
  0x0000021bfabb5350 JavaThread "Unconstrained build operations Thread 70"        [_thread_blocked, id=43020, stack(0x0000002cd5400000,0x0000002cd5500000) (1024K)]
  0x0000021be89814d0 JavaThread "Unconstrained build operations Thread 71"        [_thread_blocked, id=42308, stack(0x0000002cd5500000,0x0000002cd5600000) (1024K)]
  0x0000021be8980e40 JavaThread "Unconstrained build operations Thread 72"        [_thread_blocked, id=30908, stack(0x0000002cd5600000,0x0000002cd5700000) (1024K)]
  0x0000021be89807b0 JavaThread "Unconstrained build operations Thread 73"        [_thread_blocked, id=43096, stack(0x0000002cd5700000,0x0000002cd5800000) (1024K)]
  0x0000021be8980120 JavaThread "Unconstrained build operations Thread 74"        [_thread_blocked, id=27276, stack(0x0000002cd5800000,0x0000002cd5900000) (1024K)]
  0x0000021bfbf96c70 JavaThread "Unconstrained build operations Thread 75"        [_thread_blocked, id=43012, stack(0x0000002cd5900000,0x0000002cd5a00000) (1024K)]
  0x0000021bfbf937f0 JavaThread "Unconstrained build operations Thread 76"        [_thread_blocked, id=42860, stack(0x0000002cd5a00000,0x0000002cd5b00000) (1024K)]
  0x0000021bfbf93e80 JavaThread "Unconstrained build operations Thread 77"        [_thread_blocked, id=24284, stack(0x0000002cd5b00000,0x0000002cd5c00000) (1024K)]
  0x0000021bfbf94510 JavaThread "Unconstrained build operations Thread 78"        [_thread_blocked, id=43032, stack(0x0000002cd5c00000,0x0000002cd5d00000) (1024K)]
  0x0000021bfbf958c0 JavaThread "Unconstrained build operations Thread 79"        [_thread_blocked, id=2588, stack(0x0000002cd5d00000,0x0000002cd5e00000) (1024K)]
  0x0000021bfbf94ba0 JavaThread "Unconstrained build operations Thread 80"        [_thread_blocked, id=6912, stack(0x0000002cd5e00000,0x0000002cd5f00000) (1024K)]
  0x0000021bfbf965e0 JavaThread "Unconstrained build operations Thread 81"        [_thread_blocked, id=16272, stack(0x0000002cd5f00000,0x0000002cd6000000) (1024K)]
  0x0000021bfbf95230 JavaThread "Unconstrained build operations Thread 82"        [_thread_blocked, id=43040, stack(0x0000002cd6000000,0x0000002cd6100000) (1024K)]
  0x0000021bfbf95f50 JavaThread "Unconstrained build operations Thread 83"        [_thread_blocked, id=27032, stack(0x0000002cd6100000,0x0000002cd6200000) (1024K)]
  0x0000021bfb447240 JavaThread "Unconstrained build operations Thread 84"        [_thread_blocked, id=30556, stack(0x0000002cd6200000,0x0000002cd6300000) (1024K)]
  0x0000021beae993d0 JavaThread "Unconstrained build operations Thread 85"        [_thread_blocked, id=43228, stack(0x0000002cd6300000,0x0000002cd6400000) (1024K)]
  0x0000021beae986b0 JavaThread "Unconstrained build operations Thread 86"        [_thread_blocked, id=26240, stack(0x0000002cd6400000,0x0000002cd6500000) (1024K)]
  0x0000021beae9a0f0 JavaThread "Unconstrained build operations Thread 87"        [_thread_blocked, id=43232, stack(0x0000002cd6500000,0x0000002cd6600000) (1024K)]
  0x0000021beae98d40 JavaThread "Unconstrained build operations Thread 88"        [_thread_blocked, id=42716, stack(0x0000002cd6600000,0x0000002cd6700000) (1024K)]
  0x0000021beae9ae10 JavaThread "Unconstrained build operations Thread 89"        [_thread_blocked, id=42272, stack(0x0000002cd6700000,0x0000002cd6800000) (1024K)]
  0x0000021beae98020 JavaThread "Unconstrained build operations Thread 90"        [_thread_blocked, id=17336, stack(0x0000002cd6800000,0x0000002cd6900000) (1024K)]
  0x0000021bf5630660 JavaThread "Unconstrained build operations Thread 91"        [_thread_blocked, id=17484, stack(0x0000002cd6900000,0x0000002cd6a00000) (1024K)]
  0x0000021bf5ac1960 JavaThread "Unconstrained build operations Thread 92"        [_thread_blocked, id=38472, stack(0x0000002cd6a00000,0x0000002cd6b00000) (1024K)]
  0x0000021bf5ac2680 JavaThread "Unconstrained build operations Thread 93"        [_thread_blocked, id=4148, stack(0x0000002cd6b00000,0x0000002cd6c00000) (1024K)]
  0x0000021bf5ac33a0 JavaThread "Unconstrained build operations Thread 94"        [_thread_blocked, id=29180, stack(0x0000002cd6c00000,0x0000002cd6d00000) (1024K)]
  0x0000021bf5ac3a30 JavaThread "Unconstrained build operations Thread 95"        [_thread_blocked, id=26600, stack(0x0000002cd6d00000,0x0000002cd6e00000) (1024K)]
  0x0000021bf5ac1ff0 JavaThread "Unconstrained build operations Thread 96"        [_thread_blocked, id=25276, stack(0x0000002cd6e00000,0x0000002cd6f00000) (1024K)]
  0x0000021bf5ac05b0 JavaThread "Unconstrained build operations Thread 97"        [_thread_blocked, id=27904, stack(0x0000002cd6f00000,0x0000002cd7000000) (1024K)]
  0x0000021bf5ac0c40 JavaThread "Unconstrained build operations Thread 98"        [_thread_blocked, id=3116, stack(0x0000002cd7000000,0x0000002cd7100000) (1024K)]
  0x0000021bf5ea1ad0 JavaThread "Unconstrained build operations Thread 99"        [_thread_blocked, id=38384, stack(0x0000002cd7100000,0x0000002cd7200000) (1024K)]
  0x0000021bf5ea1440 JavaThread "Unconstrained build operations Thread 100"        [_thread_blocked, id=32604, stack(0x0000002cd7200000,0x0000002cd7300000) (1024K)]
  0x0000021bf5ea2160 JavaThread "Unconstrained build operations Thread 101"        [_thread_blocked, id=42708, stack(0x0000002cd7300000,0x0000002cd7400000) (1024K)]
  0x0000021bf5ea27f0 JavaThread "Unconstrained build operations Thread 102"        [_thread_blocked, id=41236, stack(0x0000002cd7400000,0x0000002cd7500000) (1024K)]
  0x0000021bf5ea2e80 JavaThread "Unconstrained build operations Thread 103"        [_thread_blocked, id=39832, stack(0x0000002cd7500000,0x0000002cd7600000) (1024K)]
  0x0000021bf5ea3510 JavaThread "Unconstrained build operations Thread 104"        [_thread_blocked, id=31748, stack(0x0000002cd7600000,0x0000002cd7700000) (1024K)]
  0x0000021bf5ea0090 JavaThread "Unconstrained build operations Thread 105"        [_thread_blocked, id=40848, stack(0x0000002cd7700000,0x0000002cd7800000) (1024K)]
  0x0000021bf5ea0720 JavaThread "Unconstrained build operations Thread 106"        [_thread_blocked, id=38832, stack(0x0000002cd7800000,0x0000002cd7900000) (1024K)]
  0x0000021bf5ea0db0 JavaThread "Unconstrained build operations Thread 107"        [_thread_blocked, id=29784, stack(0x0000002cd7900000,0x0000002cd7a00000) (1024K)]
  0x0000021bfadd5fc0 JavaThread "Unconstrained build operations Thread 108"        [_thread_blocked, id=29504, stack(0x0000002cd7a00000,0x0000002cd7b00000) (1024K)]
  0x0000021bfadd4580 JavaThread "Unconstrained build operations Thread 109"        [_thread_blocked, id=42240, stack(0x0000002cd7b00000,0x0000002cd7c00000) (1024K)]
  0x0000021bfadd6650 JavaThread "Unconstrained build operations Thread 110"        [_thread_blocked, id=40872, stack(0x0000002cd7c00000,0x0000002cd7d00000) (1024K)]
  0x0000021bfadd6ce0 JavaThread "Unconstrained build operations Thread 111"        [_thread_blocked, id=9592, stack(0x0000002cd7d00000,0x0000002cd7e00000) (1024K)]
  0x0000021bfadd7370 JavaThread "Unconstrained build operations Thread 112"        [_thread_blocked, id=39320, stack(0x0000002cd7e00000,0x0000002cd7f00000) (1024K)]
  0x0000021bfadd7a00 JavaThread "Unconstrained build operations Thread 113"        [_thread_blocked, id=35868, stack(0x0000002cd7f00000,0x0000002cd8000000) (1024K)]
  0x0000021bfadd5930 JavaThread "Unconstrained build operations Thread 114"        [_thread_blocked, id=35092, stack(0x0000002cd8000000,0x0000002cd8100000) (1024K)]
  0x0000021bfadd4c10 JavaThread "Unconstrained build operations Thread 115"        [_thread_blocked, id=25092, stack(0x0000002cd8100000,0x0000002cd8200000) (1024K)]
  0x0000021bfadd52a0 JavaThread "Unconstrained build operations Thread 116"        [_thread_blocked, id=41388, stack(0x0000002cd8200000,0x0000002cd8300000) (1024K)]
  0x0000021bfbb59480 JavaThread "Unconstrained build operations Thread 117"        [_thread_blocked, id=4836, stack(0x0000002cd8300000,0x0000002cd8400000) (1024K)]
  0x0000021bfbb5a830 JavaThread "Unconstrained build operations Thread 118"        [_thread_blocked, id=24400, stack(0x0000002cd8400000,0x0000002cd8500000) (1024K)]
  0x0000021bfbb59b10 JavaThread "Unconstrained build operations Thread 119"        [_thread_blocked, id=33696, stack(0x0000002cd8500000,0x0000002cd8600000) (1024K)]
  0x0000021bfbb58760 JavaThread "Unconstrained build operations Thread 120"        [_thread_blocked, id=40912, stack(0x0000002cd8600000,0x0000002cd8700000) (1024K)]
  0x0000021bfbb580d0 JavaThread "Unconstrained build operations Thread 121"        [_thread_blocked, id=27932, stack(0x0000002cd8700000,0x0000002cd8800000) (1024K)]
  0x0000021bfbb58df0 JavaThread "Unconstrained build operations Thread 122"        [_thread_blocked, id=18312, stack(0x0000002cd8800000,0x0000002cd8900000) (1024K)]
  0x0000021bf07d87f0 JavaThread "WorkerExecutor Queue"              [_thread_blocked, id=40648, stack(0x0000002cd8a00000,0x0000002cd8b00000) (1024K)]
  0x0000021be53f8ed0 JavaThread "Unconstrained build operations Thread 123"        [_thread_blocked, id=43036, stack(0x0000002cd8b00000,0x0000002cd8c00000) (1024K)]
  0x0000021bf5bacdd0 JavaThread "Unconstrained build operations Thread 124"        [_thread_blocked, id=9336, stack(0x0000002cd8c00000,0x0000002cd8d00000) (1024K)]
  0x0000021bf5badaf0 JavaThread "Unconstrained build operations Thread 125"        [_thread_blocked, id=11116, stack(0x0000002cd8d00000,0x0000002cd8e00000) (1024K)]
  0x0000021bf5bafbc0 JavaThread "Unconstrained build operations Thread 126"        [_thread_blocked, id=12572, stack(0x0000002cd8e00000,0x0000002cd8f00000) (1024K)]
  0x0000021bf5bae810 JavaThread "Unconstrained build operations Thread 127"        [_thread_blocked, id=38824, stack(0x0000002cd8f00000,0x0000002cd9000000) (1024K)]
  0x0000021bf5baeea0 JavaThread "Unconstrained build operations Thread 128"        [_thread_blocked, id=36852, stack(0x0000002cd9000000,0x0000002cd9100000) (1024K)]
  0x0000021bf5baf530 JavaThread "Unconstrained build operations Thread 129"        [_thread_blocked, id=35024, stack(0x0000002cd9100000,0x0000002cd9200000) (1024K)]
  0x0000021bf5bad460 JavaThread "Unconstrained build operations Thread 130"        [_thread_blocked, id=25592, stack(0x0000002cd9200000,0x0000002cd9300000) (1024K)]
  0x0000021bf5bac740 JavaThread "Unconstrained build operations Thread 131"        [_thread_blocked, id=21372, stack(0x0000002cd9300000,0x0000002cd9400000) (1024K)]
  0x0000021be68f3220 JavaThread "Unconstrained build operations Thread 132"        [_thread_blocked, id=28268, stack(0x0000002cd9400000,0x0000002cd9500000) (1024K)]
  0x0000021be68f45d0 JavaThread "Unconstrained build operations Thread 133"        [_thread_blocked, id=42048, stack(0x0000002cd9500000,0x0000002cd9600000) (1024K)]
  0x0000021be3182b20 JavaThread "Unconstrained build operations Thread 134"        [_thread_blocked, id=23816, stack(0x0000002cd9600000,0x0000002cd9700000) (1024K)]
  0x0000021be317f6a0 JavaThread "Unconstrained build operations Thread 135"        [_thread_blocked, id=33456, stack(0x0000002cd9700000,0x0000002cd9800000) (1024K)]
  0x0000021be31803c0 JavaThread "Unconstrained build operations Thread 136"        [_thread_blocked, id=42284, stack(0x0000002cd9800000,0x0000002cd9900000) (1024K)]
  0x0000021be3181770 JavaThread "Unconstrained build operations Thread 137"        [_thread_blocked, id=28712, stack(0x0000002cd9900000,0x0000002cd9a00000) (1024K)]
  0x0000021bfd101650 JavaThread "Unconstrained build operations Thread 138"        [_thread_blocked, id=35300, stack(0x0000002cd9a00000,0x0000002cd9b00000) (1024K)]
  0x0000021bfd102370 JavaThread "Unconstrained build operations Thread 139"        [_thread_blocked, id=35476, stack(0x0000002cd9b00000,0x0000002cd9c00000) (1024K)]
  0x0000021bfc2e9490 JavaThread "Unconstrained build operations Thread 140"        [_thread_blocked, id=43088, stack(0x0000002cd9c00000,0x0000002cd9d00000) (1024K)]
  0x0000021bfc2e80e0 JavaThread "Unconstrained build operations Thread 141"        [_thread_blocked, id=17868, stack(0x0000002cd9d00000,0x0000002cd9e00000) (1024K)]
  0x0000021bfc2e9b20 JavaThread "Unconstrained build operations Thread 142"        [_thread_blocked, id=32048, stack(0x0000002cd9e00000,0x0000002cd9f00000) (1024K)]
  0x0000021bfc2e8770 JavaThread "Unconstrained build operations Thread 143"        [_thread_blocked, id=1040, stack(0x0000002cd9f00000,0x0000002cda000000) (1024K)]
  0x0000021bfc2ea1b0 JavaThread "Unconstrained build operations Thread 144"        [_thread_blocked, id=35160, stack(0x0000002cda000000,0x0000002cda100000) (1024K)]
  0x0000021bfc2eaed0 JavaThread "Unconstrained build operations Thread 145"        [_thread_blocked, id=43016, stack(0x0000002cda100000,0x0000002cda200000) (1024K)]
  0x0000021bfc2eb560 JavaThread "Unconstrained build operations Thread 146"        [_thread_blocked, id=37408, stack(0x0000002cda200000,0x0000002cda300000) (1024K)]
  0x0000021bfc2e8e00 JavaThread "Unconstrained build operations Thread 147"        [_thread_blocked, id=28796, stack(0x0000002cda300000,0x0000002cda400000) (1024K)]
  0x0000021bfc2ea840 JavaThread "Unconstrained build operations Thread 148"        [_thread_blocked, id=42956, stack(0x0000002cda400000,0x0000002cda500000) (1024K)]
  0x0000021be6c1d610 JavaThread "Unconstrained build operations Thread 149"        [_thread_blocked, id=18656, stack(0x0000002cda500000,0x0000002cda600000) (1024K)]
  0x0000021be6c1c8f0 JavaThread "Unconstrained build operations Thread 150"        [_thread_blocked, id=41424, stack(0x0000002cda800000,0x0000002cda900000) (1024K)]
  0x0000021be6c1f050 JavaThread "Unconstrained build operations Thread 151"        [_thread_blocked, id=20216, stack(0x0000002cda900000,0x0000002cdaa00000) (1024K)]
  0x0000021be6c1dca0 JavaThread "Unconstrained build operations Thread 152"        [_thread_blocked, id=34336, stack(0x0000002cdaa00000,0x0000002cdab00000) (1024K)]
  0x0000021be6c1fd70 JavaThread "WorkerExecutor Queue Thread 2"        [_thread_blocked, id=43744, stack(0x0000002cdab00000,0x0000002cdac00000) (1024K)]
  0x0000021bfb2ef8d0 JavaThread "Unconstrained build operations Thread 153"        [_thread_blocked, id=30544, stack(0x0000002cdac00000,0x0000002cdad00000) (1024K)]
  0x0000021bfb2ef240 JavaThread "Unconstrained build operations Thread 154"        [_thread_blocked, id=13328, stack(0x0000002cdad00000,0x0000002cdae00000) (1024K)]
  0x0000021bfb2ecae0 JavaThread "Unconstrained build operations Thread 155"        [_thread_blocked, id=36476, stack(0x0000002cdae00000,0x0000002cdaf00000) (1024K)]
  0x0000021bfb3f7eb0 JavaThread "Unconstrained build operations Thread 156"        [_thread_blocked, id=3052, stack(0x0000002cdaf00000,0x0000002cdb000000) (1024K)]
  0x0000021bfb3f8bd0 JavaThread "Unconstrained build operations Thread 157"        [_thread_blocked, id=41252, stack(0x0000002cdb000000,0x0000002cdb100000) (1024K)]
  0x0000021bfb3f6470 JavaThread "Unconstrained build operations Thread 158"        [_thread_blocked, id=35780, stack(0x0000002cdb100000,0x0000002cdb200000) (1024K)]
  0x0000021bfb3f8540 JavaThread "Unconstrained build operations Thread 159"        [_thread_blocked, id=16892, stack(0x0000002cdb200000,0x0000002cdb300000) (1024K)]
  0x0000021bfb3f7820 JavaThread "Unconstrained build operations Thread 160"        [_thread_blocked, id=41544, stack(0x0000002cdb300000,0x0000002cdb400000) (1024K)]
  0x0000021bf00e23d0 JavaThread "pool-19-thread-1"                  [_thread_blocked, id=42548, stack(0x0000002cdb400000,0x0000002cdb500000) (1024K)]
  0x0000021bf5e927d0 JavaThread "stderr"                            [_thread_in_native, id=43568, stack(0x0000002ccf000000,0x0000002ccf100000) (1024K)]
  0x0000021bf5e92140 JavaThread "stdout"                            [_thread_in_native, id=1976, stack(0x0000002cd1100000,0x0000002cd1200000) (1024K)]
  0x0000021be68f4c60 JavaThread "WorkerExecutor Queue Thread 3"        [_thread_blocked, id=43420, stack(0x0000002cdb800000,0x0000002cdb900000) (1024K)]
  0x0000021bf562e590 JavaThread "WorkerExecutor Queue Thread 4"        [_thread_blocked, id=43212, stack(0x0000002cdb900000,0x0000002cdba00000) (1024K)]
  0x0000021bfb3f6b00 JavaThread "WorkerExecutor Queue Thread 5"        [_thread_blocked, id=42244, stack(0x0000002cdba00000,0x0000002cdbb00000) (1024K)]
  0x0000021bf14a7170 JavaThread "RMI Scheduler(0)"           daemon [_thread_blocked, id=38208, stack(0x0000002cdc200000,0x0000002cdc300000) (1024K)]
  0x0000021be6c1e9c0 JavaThread "RMI RenewClean-[127.0.0.1:17899,org.jetbrains.kotlin.daemon.common.LoopbackNetworkInterface$ClientLoopbackSocketFactory@5614bb26]" daemon [_thread_blocked, id=38040, stack(0x0000002cdcc00000,0x0000002cdcd00000) (1024K)]
  0x0000021be6c1f6e0 JavaThread "RMI GC Daemon"              daemon [_thread_blocked, id=43176, stack(0x0000002cdcd00000,0x0000002cdce00000) (1024K)]
  0x0000021bfc1ccc80 JavaThread "RMI TCP Accept-0"           daemon [_thread_in_native, id=32332, stack(0x0000002cdce00000,0x0000002cdcf00000) (1024K)]
  0x0000021bf5630cf0 JavaThread "RMI Reaper"                        [_thread_blocked, id=36228, stack(0x0000002cdcf00000,0x0000002cdd000000) (1024K)]
  0x0000021bf14a9240 JavaThread "RMI TCP Connection(1)-127.0.0.1" daemon [_thread_in_native, id=25800, stack(0x0000002cdd000000,0x0000002cdd100000) (1024K)]
=>0x0000021bf55ae7f0 JavaThread "C2 CompilerThread1"         daemon [_thread_in_native, id=26580, stack(0x0000002ccbc00000,0x0000002ccbd00000) (1024K)]
  0x0000021bf55af590 JavaThread "C2 CompilerThread2"         daemon [_thread_in_native, id=22608, stack(0x0000002cced00000,0x0000002ccee00000) (1024K)]
  0x0000021bf55afc60 JavaThread "C2 CompilerThread3"         daemon [_thread_blocked, id=42524, stack(0x0000002ccee00000,0x0000002ccef00000) (1024K)]
  0x0000021bf55ac5e0 JavaThread "C1 CompilerThread1"         daemon [_thread_blocked, id=42092, stack(0x0000002ccef00000,0x0000002ccf000000) (1024K)]
  0x0000021bf55b17a0 JavaThread "C1 CompilerThread2"         daemon [_thread_blocked, id=36492, stack(0x0000002cd1200000,0x0000002cd1300000) (1024K)]
  0x0000021bf55b32e0 JavaThread "C1 CompilerThread3"         daemon [_thread_blocked, id=39840, stack(0x0000002cd8900000,0x0000002cd8a00000) (1024K)]
  0x0000021b85f1c260 JavaThread "WorkerExecutor Queue Thread 6"        [_thread_blocked, id=38144, stack(0x0000002cdb500000,0x0000002cdb600000) (1024K)]
Total: 256

Other Threads:
  0x0000021bc46838a0 VMThread "VM Thread"                           [id=36624, stack(0x0000002ccb100000,0x0000002ccb200000) (1024K)]
  0x0000021bde98e160 WatcherThread "VM Periodic Task Thread"        [id=41180, stack(0x0000002ccb000000,0x0000002ccb100000) (1024K)]
  0x0000021bc4683500 WorkerThread "GC Thread#0"                     [id=38808, stack(0x0000002ccab00000,0x0000002ccac00000) (1024K)]
  0x0000021bc4683c40 WorkerThread "GC Thread#1"                     [id=23588, stack(0x0000002ccc200000,0x0000002ccc300000) (1024K)]
  0x0000021bc4682dc0 WorkerThread "GC Thread#2"                     [id=5672, stack(0x0000002ccc300000,0x0000002ccc400000) (1024K)]
  0x0000021bc4683160 WorkerThread "GC Thread#3"                     [id=33948, stack(0x0000002ccc400000,0x0000002ccc500000) (1024K)]
  0x0000021be342a970 WorkerThread "GC Thread#4"                     [id=39612, stack(0x0000002ccc500000,0x0000002ccc600000) (1024K)]
  0x0000021be342ad10 WorkerThread "GC Thread#5"                     [id=21608, stack(0x0000002ccc100000,0x0000002ccc200000) (1024K)]
  0x0000021be342b0b0 WorkerThread "GC Thread#6"                     [id=34124, stack(0x0000002ccc700000,0x0000002ccc800000) (1024K)]
  0x0000021be342c2d0 WorkerThread "GC Thread#7"                     [id=41056, stack(0x0000002ccc800000,0x0000002ccc900000) (1024K)]
  0x0000021be342b450 WorkerThread "GC Thread#8"                     [id=19876, stack(0x0000002ccc900000,0x0000002ccca00000) (1024K)]
  0x0000021be342c670 WorkerThread "GC Thread#9"                     [id=35556, stack(0x0000002ccd400000,0x0000002ccd500000) (1024K)]
  0x0000021be342b7f0 WorkerThread "GC Thread#10"                    [id=33468, stack(0x0000002ccd500000,0x0000002ccd600000) (1024K)]
  0x0000021be3429010 WorkerThread "GC Thread#11"                    [id=40052, stack(0x0000002ccd600000,0x0000002ccd700000) (1024K)]
  0x0000021be3429e90 WorkerThread "GC Thread#12"                    [id=11544, stack(0x0000002ccd700000,0x0000002ccd800000) (1024K)]
  0x0000021bc476cdd0 ConcurrentGCThread "G1 Main Marker"            [id=21124, stack(0x0000002ccac00000,0x0000002ccad00000) (1024K)]
  0x0000021bc4682a20 WorkerThread "G1 Conc#0"                       [id=20996, stack(0x0000002ccad00000,0x0000002ccae00000) (1024K)]
  0x0000021be3429750 WorkerThread "G1 Conc#1"                       [id=29068, stack(0x0000002ccd800000,0x0000002ccd900000) (1024K)]
  0x0000021be342bb90 WorkerThread "G1 Conc#2"                       [id=37012, stack(0x0000002ccd900000,0x0000002ccda00000) (1024K)]
  0x0000021bde8db120 ConcurrentGCThread "G1 Refine#0"               [id=38840, stack(0x0000002ccae00000,0x0000002ccaf00000) (1024K)]
  0x0000021bde8dbb30 ConcurrentGCThread "G1 Service"                [id=6792, stack(0x0000002ccaf00000,0x0000002ccb000000) (1024K)]
Total: 21

Threads with active compile tasks:
C2 CompilerThread0  10237197 50764 %     4       org.gradle.internal.instantiation.generator.AbstractClassGenerator::inspectType @ 250 (560 bytes)
C2 CompilerThread1  10237197 50680   !   4       java.nio.file.Files::walkFileTree (297 bytes)
C2 CompilerThread2  10237197 50804       4       org.objectweb.asm.Frame::push (59 bytes)
C2 CompilerThread3  10237197 50805       4       java.lang.invoke.MethodHandle::asType (32 bytes)
Total: 4

VM state: not at safepoint (normal execution)

VM Mutex/Monitor currently owned by a thread:  ([mutex/lock_event])
[0x00007ffc8ee70348] AdapterHandlerLibrary_lock - owner thread: 0x0000000000000000

Heap address: 0x0000000080000000, size: 2048 MB, Compressed Oops mode: 32-bit

CDS archive(s) not mapped
Compressed class space mapped at: 0x0000000100000000-0x0000000140000000, reserved size: 1073741824
Narrow klass base: 0x0000000000000000, Narrow klass shift: 3, Narrow klass range: 0x140000000

GC Precious Log:
 CardTable entry size: 512
 Card Set container configuration: InlinePtr #cards 5 size 8 Array Of Cards #cards 12 size 40 Howl #buckets 4 coarsen threshold 1843 Howl Bitmap #cards 512 size 80 coarsen threshold 460 Card regions per heap region 1 cards per card region 2048
 CPUs: 16 total, 16 available
 Memory: 15709M
 Large Page Support: Disabled
 NUMA Support: Disabled
 Compressed Oops: Enabled (32-bit)
 Heap Region Size: 1M
 Heap Min Capacity: 8M
 Heap Initial Capacity: 246M
 Heap Max Capacity: 2G
 Pre-touch: Disabled
 Parallel Workers: 13
 Concurrent Workers: 3
 Concurrent Refinement Workers: 13
 Periodic GC: Disabled

Heap:
 garbage-first heap   total 816128K, used 506827K [0x0000000080000000, 0x0000000100000000)
  region size 1024K, 28 young (28672K), 17 survivors (17408K)
 Metaspace       used 252357K, committed 254720K, reserved 1310720K
  class space    used 31321K, committed 32512K, reserved 1048576K

Heap Regions: E=young(eden), S=young(survivor), O=old, HS=humongous(starts), HC=humongous(continues), CS=collection set, F=free, TAMS=top-at-mark-start, PB=parsable bottom
|   0|0x0000000080000000, 0x0000000080100000, 0x0000000080100000|100%|HS|  |TAMS 0x0000000080000000| PB 0x0000000080000000| Complete 
|   1|0x0000000080100000, 0x0000000080200000, 0x0000000080200000|100%|HC|  |TAMS 0x0000000080100000| PB 0x0000000080100000| Complete 
|   2|0x0000000080200000, 0x0000000080300000, 0x0000000080300000|100%|HC|  |TAMS 0x0000000080200000| PB 0x0000000080200000| Complete 
|   3|0x0000000080300000, 0x0000000080400000, 0x0000000080400000|100%|HC|  |TAMS 0x0000000080300000| PB 0x0000000080300000| Complete 
|   4|0x0000000080400000, 0x0000000080500000, 0x0000000080500000|100%| O|  |TAMS 0x0000000080400000| PB 0x0000000080400000| Untracked 
|   5|0x0000000080500000, 0x0000000080600000, 0x0000000080600000|100%| O|  |TAMS 0x0000000080500000| PB 0x0000000080500000| Untracked 
|   6|0x0000000080600000, 0x0000000080700000, 0x0000000080700000|100%| O|  |TAMS 0x0000000080600000| PB 0x0000000080600000| Untracked 
|   7|0x0000000080700000, 0x0000000080800000, 0x0000000080800000|100%| O|  |TAMS 0x0000000080700000| PB 0x0000000080700000| Untracked 
|   8|0x0000000080800000, 0x0000000080900000, 0x0000000080900000|100%| O|  |TAMS 0x0000000080800000| PB 0x0000000080800000| Untracked 
|   9|0x0000000080900000, 0x0000000080a00000, 0x0000000080a00000|100%| O|  |TAMS 0x0000000080900000| PB 0x0000000080900000| Untracked 
|  10|0x0000000080a00000, 0x0000000080b00000, 0x0000000080b00000|100%|HS|  |TAMS 0x0000000080a00000| PB 0x0000000080a00000| Complete 
|  11|0x0000000080b00000, 0x0000000080c00000, 0x0000000080c00000|100%| O|  |TAMS 0x0000000080b00000| PB 0x0000000080b00000| Untracked 
|  12|0x0000000080c00000, 0x0000000080d00000, 0x0000000080d00000|100%| O|  |TAMS 0x0000000080c00000| PB 0x0000000080c00000| Untracked 
|  13|0x0000000080d00000, 0x0000000080e00000, 0x0000000080e00000|100%| O|  |TAMS 0x0000000080d00000| PB 0x0000000080d00000| Untracked 
|  14|0x0000000080e00000, 0x0000000080f00000, 0x0000000080f00000|100%| O|  |TAMS 0x0000000080e00000| PB 0x0000000080e00000| Untracked 
|  15|0x0000000080f00000, 0x0000000081000000, 0x0000000081000000|100%| O|  |TAMS 0x0000000080f00000| PB 0x0000000080f00000| Untracked 
|  16|0x0000000081000000, 0x0000000081100000, 0x0000000081100000|100%| O|  |TAMS 0x0000000081000000| PB 0x0000000081000000| Untracked 
|  17|0x0000000081100000, 0x0000000081200000, 0x0000000081200000|100%| O|  |TAMS 0x0000000081100000| PB 0x0000000081100000| Untracked 
|  18|0x0000000081200000, 0x0000000081300000, 0x0000000081300000|100%| O|  |TAMS 0x0000000081200000| PB 0x0000000081200000| Untracked 
|  19|0x0000000081300000, 0x0000000081400000, 0x0000000081400000|100%| O|  |TAMS 0x0000000081300000| PB 0x0000000081300000| Untracked 
|  20|0x0000000081400000, 0x0000000081500000, 0x0000000081500000|100%| O|  |TAMS 0x0000000081400000| PB 0x0000000081400000| Untracked 
|  21|0x0000000081500000, 0x0000000081600000, 0x0000000081600000|100%| O|  |TAMS 0x0000000081500000| PB 0x0000000081500000| Untracked 
|  22|0x0000000081600000, 0x0000000081700000, 0x0000000081700000|100%| O|  |TAMS 0x0000000081600000| PB 0x0000000081600000| Untracked 
|  23|0x0000000081700000, 0x0000000081800000, 0x0000000081800000|100%| O|  |TAMS 0x0000000081700000| PB 0x0000000081700000| Untracked 
|  24|0x0000000081800000, 0x0000000081900000, 0x0000000081900000|100%| O|  |TAMS 0x0000000081800000| PB 0x0000000081800000| Untracked 
|  25|0x0000000081900000, 0x0000000081a00000, 0x0000000081a00000|100%| O|  |TAMS 0x0000000081900000| PB 0x0000000081900000| Untracked 
|  26|0x0000000081a00000, 0x0000000081b00000, 0x0000000081b00000|100%| O|  |TAMS 0x0000000081a00000| PB 0x0000000081a00000| Untracked 
|  27|0x0000000081b00000, 0x0000000081c00000, 0x0000000081c00000|100%| O|  |TAMS 0x0000000081b00000| PB 0x0000000081b00000| Untracked 
|  28|0x0000000081c00000, 0x0000000081d00000, 0x0000000081d00000|100%| O|  |TAMS 0x0000000081c00000| PB 0x0000000081c00000| Untracked 
|  29|0x0000000081d00000, 0x0000000081e00000, 0x0000000081e00000|100%| O|  |TAMS 0x0000000081d00000| PB 0x0000000081d00000| Untracked 
|  30|0x0000000081e00000, 0x0000000081f00000, 0x0000000081f00000|100%| O|  |TAMS 0x0000000081e00000| PB 0x0000000081e00000| Untracked 
|  31|0x0000000081f00000, 0x0000000082000000, 0x0000000082000000|100%| O|  |TAMS 0x0000000081f00000| PB 0x0000000081f00000| Untracked 
|  32|0x0000000082000000, 0x0000000082100000, 0x0000000082100000|100%| O|  |TAMS 0x0000000082000000| PB 0x0000000082000000| Untracked 
|  33|0x0000000082100000, 0x0000000082200000, 0x0000000082200000|100%| O|  |TAMS 0x0000000082100000| PB 0x0000000082100000| Untracked 
|  34|0x0000000082200000, 0x0000000082300000, 0x0000000082300000|100%| O|  |TAMS 0x0000000082200000| PB 0x0000000082200000| Untracked 
|  35|0x0000000082300000, 0x0000000082400000, 0x0000000082400000|100%| O|  |TAMS 0x0000000082300000| PB 0x0000000082300000| Untracked 
|  36|0x0000000082400000, 0x0000000082500000, 0x0000000082500000|100%|HS|  |TAMS 0x0000000082400000| PB 0x0000000082400000| Complete 
|  37|0x0000000082500000, 0x0000000082600000, 0x0000000082600000|100%| O|  |TAMS 0x0000000082500000| PB 0x0000000082500000| Untracked 
|  38|0x0000000082600000, 0x0000000082700000, 0x0000000082700000|100%| O|  |TAMS 0x0000000082600000| PB 0x0000000082600000| Untracked 
|  39|0x0000000082700000, 0x0000000082800000, 0x0000000082800000|100%| O|  |TAMS 0x0000000082700000| PB 0x0000000082700000| Untracked 
|  40|0x0000000082800000, 0x0000000082900000, 0x0000000082900000|100%| O|  |TAMS 0x0000000082800000| PB 0x0000000082800000| Untracked 
|  41|0x0000000082900000, 0x0000000082a00000, 0x0000000082a00000|100%| O|  |TAMS 0x0000000082900000| PB 0x0000000082900000| Untracked 
|  42|0x0000000082a00000, 0x0000000082b00000, 0x0000000082b00000|100%| O|  |TAMS 0x0000000082a00000| PB 0x0000000082a00000| Untracked 
|  43|0x0000000082b00000, 0x0000000082c00000, 0x0000000082c00000|100%| O|  |TAMS 0x0000000082b00000| PB 0x0000000082b00000| Untracked 
|  44|0x0000000082c00000, 0x0000000082d00000, 0x0000000082d00000|100%| O|  |TAMS 0x0000000082c00000| PB 0x0000000082c00000| Untracked 
|  45|0x0000000082d00000, 0x0000000082e00000, 0x0000000082e00000|100%| O|  |TAMS 0x0000000082d00000| PB 0x0000000082d00000| Untracked 
|  46|0x0000000082e00000, 0x0000000082f00000, 0x0000000082f00000|100%| O|  |TAMS 0x0000000082e00000| PB 0x0000000082e00000| Untracked 
|  47|0x0000000082f00000, 0x0000000083000000, 0x0000000083000000|100%| O|  |TAMS 0x0000000082f00000| PB 0x0000000082f00000| Untracked 
|  48|0x0000000083000000, 0x0000000083100000, 0x0000000083100000|100%| O|  |TAMS 0x0000000083000000| PB 0x0000000083000000| Untracked 
|  49|0x0000000083100000, 0x0000000083200000, 0x0000000083200000|100%| O|  |TAMS 0x0000000083100000| PB 0x0000000083100000| Untracked 
|  50|0x0000000083200000, 0x0000000083300000, 0x0000000083300000|100%|HS|  |TAMS 0x0000000083200000| PB 0x0000000083200000| Complete 
|  51|0x0000000083300000, 0x0000000083400000, 0x0000000083400000|100%|HS|  |TAMS 0x0000000083300000| PB 0x0000000083300000| Complete 
|  52|0x0000000083400000, 0x0000000083500000, 0x0000000083500000|100%|HS|  |TAMS 0x0000000083400000| PB 0x0000000083400000| Complete 
|  53|0x0000000083500000, 0x0000000083600000, 0x0000000083600000|100%|HC|  |TAMS 0x0000000083500000| PB 0x0000000083500000| Complete 
|  54|0x0000000083600000, 0x0000000083700000, 0x0000000083700000|100%|HS|  |TAMS 0x0000000083600000| PB 0x0000000083600000| Complete 
|  55|0x0000000083700000, 0x0000000083800000, 0x0000000083800000|100%|HC|  |TAMS 0x0000000083700000| PB 0x0000000083700000| Complete 
|  56|0x0000000083800000, 0x0000000083900000, 0x0000000083900000|100%|HS|  |TAMS 0x0000000083800000| PB 0x0000000083800000| Complete 
|  57|0x0000000083900000, 0x0000000083a00000, 0x0000000083a00000|100%|HS|  |TAMS 0x0000000083900000| PB 0x0000000083900000| Complete 
|  58|0x0000000083a00000, 0x0000000083b00000, 0x0000000083b00000|100%|HC|  |TAMS 0x0000000083a00000| PB 0x0000000083a00000| Complete 
|  59|0x0000000083b00000, 0x0000000083c00000, 0x0000000083c00000|100%|HC|  |TAMS 0x0000000083b00000| PB 0x0000000083b00000| Complete 
|  60|0x0000000083c00000, 0x0000000083d00000, 0x0000000083d00000|100%|HS|  |TAMS 0x0000000083c00000| PB 0x0000000083c00000| Complete 
|  61|0x0000000083d00000, 0x0000000083e00000, 0x0000000083e00000|100%| O|  |TAMS 0x0000000083d00000| PB 0x0000000083d00000| Untracked 
|  62|0x0000000083e00000, 0x0000000083f00000, 0x0000000083f00000|100%|HS|  |TAMS 0x0000000083e00000| PB 0x0000000083e00000| Complete 
|  63|0x0000000083f00000, 0x0000000084000000, 0x0000000084000000|100%| O|  |TAMS 0x0000000083f00000| PB 0x0000000083f00000| Untracked 
|  64|0x0000000084000000, 0x0000000084100000, 0x0000000084100000|100%| O|  |TAMS 0x0000000084000000| PB 0x0000000084000000| Untracked 
|  65|0x0000000084100000, 0x0000000084200000, 0x0000000084200000|100%| O|  |TAMS 0x0000000084100000| PB 0x0000000084100000| Untracked 
|  66|0x0000000084200000, 0x0000000084300000, 0x0000000084300000|100%| O|  |TAMS 0x0000000084200000| PB 0x0000000084200000| Untracked 
|  67|0x0000000084300000, 0x0000000084400000, 0x0000000084400000|100%|HS|  |TAMS 0x0000000084300000| PB 0x0000000084300000| Complete 
|  68|0x0000000084400000, 0x0000000084500000, 0x0000000084500000|100%| O|  |TAMS 0x0000000084400000| PB 0x0000000084400000| Untracked 
|  69|0x0000000084500000, 0x0000000084600000, 0x0000000084600000|100%| O|  |TAMS 0x0000000084500000| PB 0x0000000084500000| Untracked 
|  70|0x0000000084600000, 0x0000000084700000, 0x0000000084700000|100%| O|  |TAMS 0x0000000084600000| PB 0x0000000084600000| Untracked 
|  71|0x0000000084700000, 0x0000000084800000, 0x0000000084800000|100%|HS|  |TAMS 0x0000000084700000| PB 0x0000000084700000| Complete 
|  72|0x0000000084800000, 0x0000000084900000, 0x0000000084900000|100%| O|  |TAMS 0x0000000084800000| PB 0x0000000084800000| Untracked 
|  73|0x0000000084900000, 0x0000000084a00000, 0x0000000084a00000|100%| O|  |TAMS 0x0000000084900000| PB 0x0000000084900000| Untracked 
|  74|0x0000000084a00000, 0x0000000084b00000, 0x0000000084b00000|100%| O|  |TAMS 0x0000000084a00000| PB 0x0000000084a00000| Untracked 
|  75|0x0000000084b00000, 0x0000000084c00000, 0x0000000084c00000|100%| O|  |TAMS 0x0000000084b00000| PB 0x0000000084b00000| Untracked 
|  76|0x0000000084c00000, 0x0000000084d00000, 0x0000000084d00000|100%|HS|  |TAMS 0x0000000084c00000| PB 0x0000000084c00000| Complete 
|  77|0x0000000084d00000, 0x0000000084e00000, 0x0000000084e00000|100%| O|  |TAMS 0x0000000084d00000| PB 0x0000000084d00000| Untracked 
|  78|0x0000000084e00000, 0x0000000084f00000, 0x0000000084f00000|100%|HS|  |TAMS 0x0000000084e00000| PB 0x0000000084e00000| Complete 
|  79|0x0000000084f00000, 0x0000000085000000, 0x0000000085000000|100%|HC|  |TAMS 0x0000000084f00000| PB 0x0000000084f00000| Complete 
|  80|0x0000000085000000, 0x0000000085100000, 0x0000000085100000|100%|HC|  |TAMS 0x0000000085000000| PB 0x0000000085000000| Complete 
|  81|0x0000000085100000, 0x0000000085200000, 0x0000000085200000|100%|HS|  |TAMS 0x0000000085100000| PB 0x0000000085100000| Complete 
|  82|0x0000000085200000, 0x0000000085300000, 0x0000000085300000|100%| O|  |TAMS 0x0000000085200000| PB 0x0000000085200000| Untracked 
|  83|0x0000000085300000, 0x0000000085400000, 0x0000000085400000|100%| O|  |TAMS 0x0000000085300000| PB 0x0000000085300000| Untracked 
|  84|0x0000000085400000, 0x0000000085500000, 0x0000000085500000|100%| O|  |TAMS 0x0000000085400000| PB 0x0000000085400000| Untracked 
|  85|0x0000000085500000, 0x0000000085600000, 0x0000000085600000|100%| O|  |TAMS 0x0000000085500000| PB 0x0000000085500000| Untracked 
|  86|0x0000000085600000, 0x0000000085700000, 0x0000000085700000|100%| O|  |TAMS 0x0000000085600000| PB 0x0000000085600000| Untracked 
|  87|0x0000000085700000, 0x0000000085800000, 0x0000000085800000|100%| O|  |TAMS 0x0000000085700000| PB 0x0000000085700000| Untracked 
|  88|0x0000000085800000, 0x0000000085900000, 0x0000000085900000|100%|HS|  |TAMS 0x0000000085800000| PB 0x0000000085800000| Complete 
|  89|0x0000000085900000, 0x0000000085a00000, 0x0000000085a00000|100%| O|  |TAMS 0x0000000085900000| PB 0x0000000085900000| Untracked 
|  90|0x0000000085a00000, 0x0000000085b00000, 0x0000000085b00000|100%| O|  |TAMS 0x0000000085a00000| PB 0x0000000085a00000| Untracked 
|  91|0x0000000085b00000, 0x0000000085c00000, 0x0000000085c00000|100%| O|  |TAMS 0x0000000085b00000| PB 0x0000000085b00000| Untracked 
|  92|0x0000000085c00000, 0x0000000085d00000, 0x0000000085d00000|100%| O|  |TAMS 0x0000000085c00000| PB 0x0000000085c00000| Untracked 
|  93|0x0000000085d00000, 0x0000000085e00000, 0x0000000085e00000|100%| O|  |TAMS 0x0000000085d00000| PB 0x0000000085d00000| Untracked 
|  94|0x0000000085e00000, 0x0000000085f00000, 0x0000000085f00000|100%| O|  |TAMS 0x0000000085e00000| PB 0x0000000085e00000| Untracked 
|  95|0x0000000085f00000, 0x0000000086000000, 0x0000000086000000|100%| O|  |TAMS 0x0000000085f00000| PB 0x0000000085f00000| Untracked 
|  96|0x0000000086000000, 0x0000000086100000, 0x0000000086100000|100%| O|  |TAMS 0x0000000086000000| PB 0x0000000086000000| Untracked 
|  97|0x0000000086100000, 0x0000000086200000, 0x0000000086200000|100%| O|  |TAMS 0x0000000086100000| PB 0x0000000086100000| Untracked 
|  98|0x0000000086200000, 0x0000000086300000, 0x0000000086300000|100%| O|  |TAMS 0x0000000086200000| PB 0x0000000086200000| Untracked 
|  99|0x0000000086300000, 0x0000000086400000, 0x0000000086400000|100%| O|  |TAMS 0x0000000086300000| PB 0x0000000086300000| Untracked 
| 100|0x0000000086400000, 0x0000000086500000, 0x0000000086500000|100%| O|  |TAMS 0x0000000086400000| PB 0x0000000086400000| Untracked 
| 101|0x0000000086500000, 0x0000000086600000, 0x0000000086600000|100%| O|  |TAMS 0x0000000086500000| PB 0x0000000086500000| Untracked 
| 102|0x0000000086600000, 0x0000000086700000, 0x0000000086700000|100%| O|  |TAMS 0x0000000086600000| PB 0x0000000086600000| Untracked 
| 103|0x0000000086700000, 0x0000000086800000, 0x0000000086800000|100%| O|  |TAMS 0x0000000086700000| PB 0x0000000086700000| Untracked 
| 104|0x0000000086800000, 0x0000000086900000, 0x0000000086900000|100%| O|  |TAMS 0x0000000086800000| PB 0x0000000086800000| Untracked 
| 105|0x0000000086900000, 0x0000000086a00000, 0x0000000086a00000|100%|HS|  |TAMS 0x0000000086900000| PB 0x0000000086900000| Complete 
| 106|0x0000000086a00000, 0x0000000086b00000, 0x0000000086b00000|100%|HC|  |TAMS 0x0000000086a00000| PB 0x0000000086a00000| Complete 
| 107|0x0000000086b00000, 0x0000000086c00000, 0x0000000086c00000|100%| O|  |TAMS 0x0000000086b00000| PB 0x0000000086b00000| Untracked 
| 108|0x0000000086c00000, 0x0000000086d00000, 0x0000000086d00000|100%| O|  |TAMS 0x0000000086c00000| PB 0x0000000086c00000| Untracked 
| 109|0x0000000086d00000, 0x0000000086e00000, 0x0000000086e00000|100%| O|  |TAMS 0x0000000086d00000| PB 0x0000000086d00000| Untracked 
| 110|0x0000000086e00000, 0x0000000086f00000, 0x0000000086f00000|100%| O|  |TAMS 0x0000000086e00000| PB 0x0000000086e00000| Untracked 
| 111|0x0000000086f00000, 0x0000000087000000, 0x0000000087000000|100%| O|  |TAMS 0x0000000086f00000| PB 0x0000000086f00000| Untracked 
| 112|0x0000000087000000, 0x0000000087100000, 0x0000000087100000|100%| O|  |TAMS 0x0000000087000000| PB 0x0000000087000000| Untracked 
| 113|0x0000000087100000, 0x0000000087200000, 0x0000000087200000|100%|HS|  |TAMS 0x0000000087100000| PB 0x0000000087100000| Complete 
| 114|0x0000000087200000, 0x0000000087300000, 0x0000000087300000|100%|HC|  |TAMS 0x0000000087200000| PB 0x0000000087200000| Complete 
| 115|0x0000000087300000, 0x0000000087400000, 0x0000000087400000|100%|HC|  |TAMS 0x0000000087300000| PB 0x0000000087300000| Complete 
| 116|0x0000000087400000, 0x0000000087500000, 0x0000000087500000|100%|HC|  |TAMS 0x0000000087400000| PB 0x0000000087400000| Complete 
| 117|0x0000000087500000, 0x0000000087600000, 0x0000000087600000|100%|HC|  |TAMS 0x0000000087500000| PB 0x0000000087500000| Complete 
| 118|0x0000000087600000, 0x0000000087700000, 0x0000000087700000|100%|HC|  |TAMS 0x0000000087600000| PB 0x0000000087600000| Complete 
| 119|0x0000000087700000, 0x0000000087800000, 0x0000000087800000|100%|HS|  |TAMS 0x0000000087700000| PB 0x0000000087700000| Complete 
| 120|0x0000000087800000, 0x0000000087900000, 0x0000000087900000|100%|HC|  |TAMS 0x0000000087800000| PB 0x0000000087800000| Complete 
| 121|0x0000000087900000, 0x0000000087a00000, 0x0000000087a00000|100%|HC|  |TAMS 0x0000000087900000| PB 0x0000000087900000| Complete 
| 122|0x0000000087a00000, 0x0000000087b00000, 0x0000000087b00000|100%|HS|  |TAMS 0x0000000087a00000| PB 0x0000000087a00000| Complete 
| 123|0x0000000087b00000, 0x0000000087c00000, 0x0000000087c00000|100%|HC|  |TAMS 0x0000000087b00000| PB 0x0000000087b00000| Complete 
| 124|0x0000000087c00000, 0x0000000087d00000, 0x0000000087d00000|100%| O|  |TAMS 0x0000000087c00000| PB 0x0000000087c00000| Untracked 
| 125|0x0000000087d00000, 0x0000000087e00000, 0x0000000087e00000|100%|HS|  |TAMS 0x0000000087d00000| PB 0x0000000087d00000| Complete 
| 126|0x0000000087e00000, 0x0000000087f00000, 0x0000000087f00000|100%|HC|  |TAMS 0x0000000087e00000| PB 0x0000000087e00000| Complete 
| 127|0x0000000087f00000, 0x0000000088000000, 0x0000000088000000|100%|HC|  |TAMS 0x0000000087f00000| PB 0x0000000087f00000| Complete 
| 128|0x0000000088000000, 0x0000000088100000, 0x0000000088100000|100%|HC|  |TAMS 0x0000000088000000| PB 0x0000000088000000| Complete 
| 129|0x0000000088100000, 0x0000000088200000, 0x0000000088200000|100%|HC|  |TAMS 0x0000000088100000| PB 0x0000000088100000| Complete 
| 130|0x0000000088200000, 0x0000000088300000, 0x0000000088300000|100%|HC|  |TAMS 0x0000000088200000| PB 0x0000000088200000| Complete 
| 131|0x0000000088300000, 0x0000000088400000, 0x0000000088400000|100%|HS|  |TAMS 0x0000000088300000| PB 0x0000000088300000| Complete 
| 132|0x0000000088400000, 0x0000000088500000, 0x0000000088500000|100%|HC|  |TAMS 0x0000000088400000| PB 0x0000000088400000| Complete 
| 133|0x0000000088500000, 0x0000000088600000, 0x0000000088600000|100%|HC|  |TAMS 0x0000000088500000| PB 0x0000000088500000| Complete 
| 134|0x0000000088600000, 0x0000000088700000, 0x0000000088700000|100%|HC|  |TAMS 0x0000000088600000| PB 0x0000000088600000| Complete 
| 135|0x0000000088700000, 0x0000000088800000, 0x0000000088800000|100%|HC|  |TAMS 0x0000000088700000| PB 0x0000000088700000| Complete 
| 136|0x0000000088800000, 0x0000000088900000, 0x0000000088900000|100%|HC|  |TAMS 0x0000000088800000| PB 0x0000000088800000| Complete 
| 137|0x0000000088900000, 0x0000000088a00000, 0x0000000088a00000|100%| O|  |TAMS 0x0000000088900000| PB 0x0000000088900000| Untracked 
| 138|0x0000000088a00000, 0x0000000088b00000, 0x0000000088b00000|100%| O|  |TAMS 0x0000000088a00000| PB 0x0000000088a00000| Untracked 
| 139|0x0000000088b00000, 0x0000000088c00000, 0x0000000088c00000|100%| O|  |TAMS 0x0000000088b00000| PB 0x0000000088b00000| Untracked 
| 140|0x0000000088c00000, 0x0000000088d00000, 0x0000000088d00000|100%| O|  |TAMS 0x0000000088c00000| PB 0x0000000088c00000| Untracked 
| 141|0x0000000088d00000, 0x0000000088e00000, 0x0000000088e00000|100%| O|  |TAMS 0x0000000088d00000| PB 0x0000000088d00000| Untracked 
| 142|0x0000000088e00000, 0x0000000088f00000, 0x0000000088f00000|100%|HS|  |TAMS 0x0000000088e00000| PB 0x0000000088e00000| Complete 
| 143|0x0000000088f00000, 0x0000000089000000, 0x0000000089000000|100%| O|  |TAMS 0x0000000088f00000| PB 0x0000000088f00000| Untracked 
| 144|0x0000000089000000, 0x0000000089100000, 0x0000000089100000|100%| O|  |TAMS 0x0000000089000000| PB 0x0000000089000000| Untracked 
| 145|0x0000000089100000, 0x0000000089200000, 0x0000000089200000|100%| O|  |TAMS 0x0000000089100000| PB 0x0000000089100000| Untracked 
| 146|0x0000000089200000, 0x0000000089300000, 0x0000000089300000|100%| O|  |TAMS 0x0000000089200000| PB 0x0000000089200000| Untracked 
| 147|0x0000000089300000, 0x0000000089400000, 0x0000000089400000|100%| O|  |TAMS 0x0000000089300000| PB 0x0000000089300000| Untracked 
| 148|0x0000000089400000, 0x0000000089500000, 0x0000000089500000|100%| O|  |TAMS 0x0000000089400000| PB 0x0000000089400000| Untracked 
| 149|0x0000000089500000, 0x0000000089600000, 0x0000000089600000|100%| O|  |TAMS 0x0000000089500000| PB 0x0000000089500000| Untracked 
| 150|0x0000000089600000, 0x0000000089700000, 0x0000000089700000|100%| O|  |TAMS 0x0000000089600000| PB 0x0000000089600000| Untracked 
| 151|0x0000000089700000, 0x0000000089800000, 0x0000000089800000|100%| O|  |TAMS 0x0000000089700000| PB 0x0000000089700000| Untracked 
| 152|0x0000000089800000, 0x0000000089900000, 0x0000000089900000|100%| O|  |TAMS 0x0000000089800000| PB 0x0000000089800000| Untracked 
| 153|0x0000000089900000, 0x0000000089a00000, 0x0000000089a00000|100%| O|  |TAMS 0x0000000089900000| PB 0x0000000089900000| Untracked 
| 154|0x0000000089a00000, 0x0000000089b00000, 0x0000000089b00000|100%| O|  |TAMS 0x0000000089a00000| PB 0x0000000089a00000| Untracked 
| 155|0x0000000089b00000, 0x0000000089c00000, 0x0000000089c00000|100%| O|  |TAMS 0x0000000089b00000| PB 0x0000000089b00000| Untracked 
| 156|0x0000000089c00000, 0x0000000089d00000, 0x0000000089d00000|100%| O|  |TAMS 0x0000000089c00000| PB 0x0000000089c00000| Untracked 
| 157|0x0000000089d00000, 0x0000000089e00000, 0x0000000089e00000|100%| O|  |TAMS 0x0000000089d00000| PB 0x0000000089d00000| Untracked 
| 158|0x0000000089e00000, 0x0000000089f00000, 0x0000000089f00000|100%| O|  |TAMS 0x0000000089e00000| PB 0x0000000089e00000| Untracked 
| 159|0x0000000089f00000, 0x000000008a000000, 0x000000008a000000|100%| O|  |TAMS 0x0000000089f00000| PB 0x0000000089f00000| Untracked 
| 160|0x000000008a000000, 0x000000008a100000, 0x000000008a100000|100%| O|  |TAMS 0x000000008a000000| PB 0x000000008a000000| Untracked 